#
# There is insufficient memory for the Java Runtime Environment to continue.
# Native memory allocation (malloc) failed to allocate 1862416 bytes for Chunk::new
# Possible reasons:
#   The system is out of physical RAM or swap space
#   The process is running with CompressedOops enabled, and the Java Heap may be blocking the growth of the native heap
# Possible solutions:
#   Reduce memory load on the system
#   Increase physical memory or swap space
#   Check if swap backing store is full
#   Decrease Java heap size (-Xmx/-Xms)
#   Decrease number of Java threads
#   Decrease Java thread stack sizes (-Xss)
#   Set larger code cache with -XX:ReservedCodeCacheSize=
#   JVM is running with Unscaled Compressed Oops mode in which the Java heap is
#     placed in the first 4GB address space. The Java Heap base address is the
#     maximum limit for the native heap growth. Please use -XX:HeapBaseMinAddress
#     to set the Java Heap base and to place the Java Heap above 4GB virtual address.
# This output file may be truncated or incomplete.
#
#  Out of Memory Error (arena.cpp:189), pid=6192, tid=880
#
# JRE version: OpenJDK Runtime Environment Temurin-17.0.2+8 (17.0.2+8) (build 17.0.2+8)
# Java VM: OpenJDK 64-Bit Server VM Temurin-17.0.2+8 (17.0.2+8, mixed mode, tiered, compressed oops, compressed class ptrs, g1 gc, windows-amd64)
# No core dump will be written. Minidumps are not enabled by default on client versions of Windows
#

---------------  S U M M A R Y ------------

Command Line: -ea -Dfile.encoding=Cp1252 -XX:+ShowCodeDetailsInExceptionMessages org.testng.remote.RemoteTestNG -serport 65297 -protocol json -d C:\Users\lenovo\eclipse-workspace\ChowNow_Online_Food_Ordering_System_Selenium_Framework\test-output C:\Users\lenovo\eclipse-workspace\ChowNow_Online_Food_Ordering_System_Selenium_Framework\testngscreenShot.xml

Host: Intel(R) Core(TM) i5-2520M CPU @ 2.50GHz, 4 cores, 3G,  Windows 7 , 64 bit Build 7601 (6.1.7601.24545)
Time: Fri Sep 16 18:59:42 2022 India Standard Time elapsed time: 10.312892 seconds (0d 0h 0m 10s)

---------------  T H R E A D  ---------------

Current thread (0x000000001a2a7080):  JavaThread "C2 CompilerThread0" daemon [_thread_in_native, id=880, stack(0x000000005b190000,0x000000005b290000)]


Current CompileTask:
C2:  10313 2535       4       java.lang.invoke.MethodType::makeImpl (109 bytes)

Stack: [0x000000005b190000,0x000000005b290000]
Native frames: (J=compiled Java code, j=interpreted, Vv=VM code, C=native code)
V  [jvm.dll+0x67564a]
V  [jvm.dll+0x82fc04]
V  [jvm.dll+0x8313ae]
V  [jvm.dll+0x831a13]
V  [jvm.dll+0x245235]
V  [jvm.dll+0xabd7b]
V  [jvm.dll+0xac30c]
V  [jvm.dll+0x3631a2]
V  [jvm.dll+0x32d891]
V  [jvm.dll+0x32cd3a]
V  [jvm.dll+0x2180d1]
V  [jvm.dll+0x2174f1]
V  [jvm.dll+0x1a3a8d]
V  [jvm.dll+0x226ef8]
V  [jvm.dll+0x22503c]
V  [jvm.dll+0x7e596b]
V  [jvm.dll+0x7dff2a]
V  [jvm.dll+0x6744d5]
C  [ucrtbase.DLL+0x1c1ae]
C  [kernel32.dll+0x1556d]
C  [ntdll.dll+0x5372d]


---------------  P R O C E S S  ---------------

Threads class SMR info:
_java_thread_list=0x000000005e1ae750, length=31, elements={
0x0000000000358d10, 0x000000001a25f7a0, 0x000000001a2605a0, 0x000000001a28c660,
0x000000001a28f6c0, 0x000000001a2cb4e0, 0x000000001a2cb9b0, 0x000000001a2a7080,
0x000000001a2a89b0, 0x000000001a2b12a0, 0x000000001a2cbe80, 0x000000001a2cc350,
0x000000001a2cccf0, 0x000000001a2cd1c0, 0x000000001a2cd690, 0x000000001a2cdb60,
0x000000001a2ce500, 0x000000001a2ce9d0, 0x000000001a2ceea0, 0x000000001a2cf370,
0x000000001a2cf840, 0x000000001a2cfd10, 0x000000001a2d01e0, 0x000000001a2d0b80,
0x000000001a2d1050, 0x000000005c865110, 0x000000001a2d06b0, 0x000000001a2d1520,
0x000000001a2d19f0, 0x000000001a2d1ec0, 0x000000001a2d2390
}

Java Threads: ( => current thread )
  0x0000000000358d10 JavaThread "Forwarding newSession on session null to remote" [_thread_blocked, id=7444, stack(0x0000000002160000,0x0000000002260000)]
  0x000000001a25f7a0 JavaThread "Reference Handler" daemon [_thread_blocked, id=5464, stack(0x000000005ae60000,0x000000005af60000)]
  0x000000001a2605a0 JavaThread "Finalizer" daemon [_thread_blocked, id=5336, stack(0x000000005b010000,0x000000005b110000)]
  0x000000001a28c660 JavaThread "Signal Dispatcher" daemon [_thread_blocked, id=7252, stack(0x000000005b2b0000,0x000000005b3b0000)]
  0x000000001a28f6c0 JavaThread "Attach Listener" daemon [_thread_blocked, id=7660, stack(0x000000005b400000,0x000000005b500000)]
  0x000000001a2cb4e0 JavaThread "Service Thread" daemon [_thread_blocked, id=6972, stack(0x000000005ad20000,0x000000005ae20000)]
  0x000000001a2cb9b0 JavaThread "Monitor Deflation Thread" daemon [_thread_blocked, id=6220, stack(0x000000005b5e0000,0x000000005b6e0000)]
=>0x000000001a2a7080 JavaThread "C2 CompilerThread0" daemon [_thread_in_native, id=880, stack(0x000000005b190000,0x000000005b290000)]
  0x000000001a2a89b0 JavaThread "C1 CompilerThread0" daemon [_thread_blocked, id=5700, stack(0x000000005b8c0000,0x000000005b9c0000)]
  0x000000001a2b12a0 JavaThread "Sweeper thread" daemon [_thread_blocked, id=4588, stack(0x000000005ba30000,0x000000005bb30000)]
  0x000000001a2cbe80 JavaThread "Notification Thread" daemon [_thread_blocked, id=3536, stack(0x000000005b740000,0x000000005b840000)]
  0x000000001a2cc350 JavaThread "Common-Cleaner" daemon [_thread_blocked, id=6680, stack(0x000000005c070000,0x000000005c170000)]
  0x000000001a2cccf0 JavaThread "ReaderThread" [_thread_in_native, id=1872, stack(0x000000005d560000,0x000000005d660000)]
  0x000000001a2cd1c0 JavaThread "ForkJoinPool.commonPool-worker-1" daemon [_thread_blocked, id=7900, stack(0x000000005f060000,0x000000005f160000)]
  0x000000001a2cd690 JavaThread "ForkJoinPool.commonPool-worker-2" daemon [_thread_blocked, id=4524, stack(0x000000005d460000,0x000000005d560000)]
  0x000000001a2cdb60 JavaThread "ForkJoinPool.commonPool-worker-3" daemon [_thread_blocked, id=4652, stack(0x000000005f1a0000,0x000000005f2a0000)]
  0x000000001a2ce500 JavaThread "AsyncHttpClient-1-1" daemon [_thread_blocked, id=7360, stack(0x0000000060c50000,0x0000000060d50000)]
  0x000000001a2ce9d0 JavaThread "Exec Default Executor" daemon [_thread_in_native, id=2948, stack(0x000000005cc40000,0x000000005cd40000)]
  0x000000001a2ceea0 JavaThread "Driver Service Executor" daemon [_thread_blocked, id=1008, stack(0x000000005f2f0000,0x000000005f3f0000)]
  0x000000001a2cf370 JavaThread "Driver Service Executor" daemon [_thread_blocked, id=7916, stack(0x0000000060eb0000,0x0000000060fb0000)]
  0x000000001a2cf840 JavaThread "Exec Stream Pumper" daemon [_thread_in_native, id=2024, stack(0x0000000061860000,0x0000000061960000)]
  0x000000001a2cfd10 JavaThread "Exec Stream Pumper" daemon [_thread_in_native, id=5196, stack(0x0000000060d60000,0x0000000060e60000)]
  0x000000001a2d01e0 JavaThread "UrlChecker-2" daemon [_thread_in_native, id=3444, stack(0x0000000061960000,0x0000000061a60000)]
  0x000000001a2d0b80 JavaThread "AsyncHttpClient-1-2" daemon [_thread_in_native, id=4888, stack(0x000000005d6a0000,0x000000005d7a0000)]
  0x000000001a2d1050 JavaThread "AsyncHttpClient-1-3" daemon [_thread_in_native, id=4664, stack(0x00000000632d0000,0x00000000633d0000)]
  0x000000005c865110 JavaThread "C2 CompilerThread1" daemon [_thread_in_native, id=1960, stack(0x0000000061ab0000,0x0000000061bb0000)]
  0x000000001a2d06b0 JavaThread "Exec Default Executor" daemon [_thread_in_native, id=7928, stack(0x0000000063420000,0x0000000063520000)]
  0x000000001a2d1520 JavaThread "Driver Service Executor" daemon [_thread_blocked, id=3176, stack(0x0000000063540000,0x0000000063640000)]
  0x000000001a2d19f0 JavaThread "Driver Service Executor" daemon [_thread_blocked, id=2296, stack(0x00000000636c0000,0x00000000637c0000)]
  0x000000001a2d1ec0 JavaThread "Exec Stream Pumper" daemon [_thread_in_native, id=1832, stack(0x00000000637f0000,0x00000000638f0000)]
  0x000000001a2d2390 JavaThread "Exec Stream Pumper" daemon [_thread_in_native, id=6588, stack(0x0000000063920000,0x0000000063a20000)]

Other Threads:
  0x000000001a254de0 VMThread "VM Thread" [stack: 0x000000005ac20000,0x000000005ad20000] [id=6196]
  0x000000005bbc16a0 WatcherThread [stack: 0x000000005bf60000,0x000000005c060000] [id=7960]
  0x000000000038c7c0 GCTaskThread "GC Thread#0" [stack: 0x0000000017690000,0x0000000017790000] [id=3988]
  0x000000005c9b3830 GCTaskThread "GC Thread#1" [stack: 0x000000005cfc0000,0x000000005d0c0000] [id=6316]
  0x000000005c5536b0 GCTaskThread "GC Thread#2" [stack: 0x000000005d180000,0x000000005d280000] [id=6808]
  0x000000005c68ddd0 GCTaskThread "GC Thread#3" [stack: 0x000000005d2e0000,0x000000005d3e0000] [id=6508]
  0x00000000003948d0 ConcurrentGCThread "G1 Main Marker" [stack: 0x00000000177b0000,0x00000000178b0000] [id=4328]
  0x0000000000396ab0 ConcurrentGCThread "G1 Conc#0" [stack: 0x0000000017550000,0x0000000017650000] [id=5456]
  0x0000000019d00080 ConcurrentGCThread "G1 Refine#0" [stack: 0x0000000019f80000,0x000000001a080000] [id=6056]
  0x0000000019d048b0 ConcurrentGCThread "G1 Service" [stack: 0x000000001a0a0000,0x000000001a1a0000] [id=3740]

Threads with active compile tasks:
C2 CompilerThread0    10779 2535       4       java.lang.invoke.MethodType::makeImpl (109 bytes)
C2 CompilerThread1    10779 2640       4       java.util.Properties$LineReader::readLine (584 bytes)

VM state: not at safepoint (normal execution)

VM Mutex/Monitor currently owned by a thread: None

Heap address: 0x00000000c6a00000, size: 918 MB, Compressed Oops mode: 32-bit

CDS archive(s) not mapped
Compressed class space mapped at: 0x000000001a400000-0x000000005a400000, reserved size: 1073741824
Narrow klass base: 0x0000000000000000, Narrow klass shift: 0, Narrow klass range: 0x5a400000

GC Precious Log:
 CPUs: 4 total, 4 available
 Memory: 3670M
 Large Page Support: Disabled
 NUMA Support: Disabled
 Compressed Oops: Enabled (32-bit)
 Heap Region Size: 1M
 Heap Min Capacity: 8M
 Heap Initial Capacity: 58M
 Heap Max Capacity: 918M
 Pre-touch: Disabled
 Parallel Workers: 4
 Concurrent Workers: 1
 Concurrent Refinement Workers: 4
 Periodic GC: Disabled

Heap:
 garbage-first heap   total 45056K, used 30445K [0x00000000c6a00000, 0x0000000100000000)
  region size 1024K, 13 young (13312K), 3 survivors (3072K)
 Metaspace       used 35148K, committed 35392K, reserved 1081344K
  class space    used 4017K, committed 4160K, reserved 1048576K

Heap Regions: E=young(eden), S=young(survivor), O=old, HS=humongous(starts), HC=humongous(continues), CS=collection set, F=free, OA=open archive, CA=closed archive, TAMS=top-at-mark-start (previous, next)
|   0|0x00000000c6a00000, 0x00000000c6b00000, 0x00000000c6b00000|100%| O|  |TAMS 0x00000000c6b00000, 0x00000000c6a00000| Untracked 
|   1|0x00000000c6b00000, 0x00000000c6c00000, 0x00000000c6c00000|100%| O|  |TAMS 0x00000000c6c00000, 0x00000000c6b00000| Untracked 
|   2|0x00000000c6c00000, 0x00000000c6d00000, 0x00000000c6d00000|100%| O|  |TAMS 0x00000000c6d00000, 0x00000000c6c00000| Untracked 
|   3|0x00000000c6d00000, 0x00000000c6e00000, 0x00000000c6e00000|100%| O|  |TAMS 0x00000000c6e00000, 0x00000000c6d00000| Untracked 
|   4|0x00000000c6e00000, 0x00000000c6f00000, 0x00000000c6f00000|100%| O|  |TAMS 0x00000000c6f00000, 0x00000000c6e00000| Untracked 
|   5|0x00000000c6f00000, 0x00000000c7000000, 0x00000000c7000000|100%| O|  |TAMS 0x00000000c7000000, 0x00000000c6f00000| Untracked 
|   6|0x00000000c7000000, 0x00000000c7100000, 0x00000000c7100000|100%| O|  |TAMS 0x00000000c70e8e00, 0x00000000c7000000| Untracked 
|   7|0x00000000c7100000, 0x00000000c71c9e00, 0x00000000c7200000| 78%| O|  |TAMS 0x00000000c7100000, 0x00000000c7100000| Untracked 
|   8|0x00000000c7200000, 0x00000000c7300000, 0x00000000c7300000|100%| O|  |TAMS 0x00000000c7200000, 0x00000000c7200000| Untracked 
|   9|0x00000000c7300000, 0x00000000c7400000, 0x00000000c7400000|100%| O|  |TAMS 0x00000000c7300000, 0x00000000c7300000| Untracked 
|  10|0x00000000c7400000, 0x00000000c7500000, 0x00000000c7500000|100%| O|  |TAMS 0x00000000c7400000, 0x00000000c7400000| Untracked 
|  11|0x00000000c7500000, 0x00000000c7600000, 0x00000000c7600000|100%| O|  |TAMS 0x00000000c7500000, 0x00000000c7500000| Untracked 
|  12|0x00000000c7600000, 0x00000000c7700000, 0x00000000c7700000|100%| O|  |TAMS 0x00000000c7600000, 0x00000000c7600000| Untracked 
|  13|0x00000000c7700000, 0x00000000c77bca00, 0x00000000c7800000| 73%| O|  |TAMS 0x00000000c7700000, 0x00000000c7700000| Untracked 
|  14|0x00000000c7800000, 0x00000000c7900000, 0x00000000c7900000|100%|HS|  |TAMS 0x00000000c7800000, 0x00000000c7800000| Complete 
|  15|0x00000000c7900000, 0x00000000c7a00000, 0x00000000c7a00000|100%|HC|  |TAMS 0x00000000c7900000, 0x00000000c7900000| Complete 
|  16|0x00000000c7a00000, 0x00000000c7b00000, 0x00000000c7b00000|100%|HC|  |TAMS 0x00000000c7a00000, 0x00000000c7a00000| Complete 
|  17|0x00000000c7b00000, 0x00000000c7c00000, 0x00000000c7c00000|100%|HC|  |TAMS 0x00000000c7b00000, 0x00000000c7b00000| Complete 
|  18|0x00000000c7c00000, 0x00000000c7d00000, 0x00000000c7d00000|100%|HC|  |TAMS 0x00000000c7c00000, 0x00000000c7c00000| Complete 
|  19|0x00000000c7d00000, 0x00000000c7d00000, 0x00000000c7e00000|  0%| F|  |TAMS 0x00000000c7d00000, 0x00000000c7d00000| Untracked 
|  20|0x00000000c7e00000, 0x00000000c7e00000, 0x00000000c7f00000|  0%| F|  |TAMS 0x00000000c7e00000, 0x00000000c7e00000| Untracked 
|  21|0x00000000c7f00000, 0x00000000c7f00000, 0x00000000c8000000|  0%| F|  |TAMS 0x00000000c7f00000, 0x00000000c7f00000| Untracked 
|  22|0x00000000c8000000, 0x00000000c8000000, 0x00000000c8100000|  0%| F|  |TAMS 0x00000000c8000000, 0x00000000c8000000| Untracked 
|  23|0x00000000c8100000, 0x00000000c8100000, 0x00000000c8200000|  0%| F|  |TAMS 0x00000000c8100000, 0x00000000c8100000| Untracked 
|  24|0x00000000c8200000, 0x00000000c8234e90, 0x00000000c8300000| 20%| S|CS|TAMS 0x00000000c8200000, 0x00000000c8200000| Complete 
|  25|0x00000000c8300000, 0x00000000c8400000, 0x00000000c8400000|100%| S|CS|TAMS 0x00000000c8300000, 0x00000000c8300000| Complete 
|  26|0x00000000c8400000, 0x00000000c8500000, 0x00000000c8500000|100%| S|CS|TAMS 0x00000000c8400000, 0x00000000c8400000| Complete 
|  27|0x00000000c8500000, 0x00000000c8500000, 0x00000000c8600000|  0%| F|  |TAMS 0x00000000c8500000, 0x00000000c8500000| Untracked 
|  28|0x00000000c8600000, 0x00000000c8600000, 0x00000000c8700000|  0%| F|  |TAMS 0x00000000c8600000, 0x00000000c8600000| Untracked 
|  29|0x00000000c8700000, 0x00000000c8700000, 0x00000000c8800000|  0%| F|  |TAMS 0x00000000c8700000, 0x00000000c8700000| Untracked 
|  30|0x00000000c8800000, 0x00000000c8800000, 0x00000000c8900000|  0%| F|  |TAMS 0x00000000c8800000, 0x00000000c8800000| Untracked 
|  31|0x00000000c8900000, 0x00000000c8900000, 0x00000000c8a00000|  0%| F|  |TAMS 0x00000000c8900000, 0x00000000c8900000| Untracked 
|  32|0x00000000c8a00000, 0x00000000c8a00000, 0x00000000c8b00000|  0%| F|  |TAMS 0x00000000c8a00000, 0x00000000c8a00000| Untracked 
|  33|0x00000000c8b00000, 0x00000000c8b00000, 0x00000000c8c00000|  0%| F|  |TAMS 0x00000000c8b00000, 0x00000000c8b00000| Untracked 
|  34|0x00000000c8c00000, 0x00000000c8cd10f8, 0x00000000c8d00000| 81%| E|  |TAMS 0x00000000c8c00000, 0x00000000c8c00000| Complete 
|  35|0x00000000c8d00000, 0x00000000c8e00000, 0x00000000c8e00000|100%| E|CS|TAMS 0x00000000c8d00000, 0x00000000c8d00000| Complete 
|  36|0x00000000c8e00000, 0x00000000c8f00000, 0x00000000c8f00000|100%| E|CS|TAMS 0x00000000c8e00000, 0x00000000c8e00000| Complete 
|  37|0x00000000c8f00000, 0x00000000c9000000, 0x00000000c9000000|100%| E|CS|TAMS 0x00000000c8f00000, 0x00000000c8f00000| Complete 
|  38|0x00000000c9000000, 0x00000000c9100000, 0x00000000c9100000|100%| E|CS|TAMS 0x00000000c9000000, 0x00000000c9000000| Complete 
|  39|0x00000000c9100000, 0x00000000c9200000, 0x00000000c9200000|100%| E|CS|TAMS 0x00000000c9100000, 0x00000000c9100000| Complete 
|  41|0x00000000c9300000, 0x00000000c9400000, 0x00000000c9400000|100%| E|CS|TAMS 0x00000000c9300000, 0x00000000c9300000| Complete 
|  42|0x00000000c9400000, 0x00000000c9500000, 0x00000000c9500000|100%| E|CS|TAMS 0x00000000c9400000, 0x00000000c9400000| Complete 
|  43|0x00000000c9500000, 0x00000000c9600000, 0x00000000c9600000|100%| E|CS|TAMS 0x00000000c9500000, 0x00000000c9500000| Complete 
|  57|0x00000000ca300000, 0x00000000ca400000, 0x00000000ca400000|100%| E|CS|TAMS 0x00000000ca300000, 0x00000000ca300000| Complete 

Card table byte_map: [0x0000000015450000,0x0000000015620000] _byte_map_base: 0x0000000014e1b000

Marking Bits (Prev, Next): (CMBitMap*) 0x000000000038cd20, (CMBitMap*) 0x000000000038cce0
 Prev Bits: [0x0000000016650000, 0x00000000174a8000)
 Next Bits: [0x00000000157f0000, 0x0000000016648000)

Polling page: 0x0000000000220000

Metaspace:

Usage:
  Non-class:     30.40 MB used.
      Class:      3.92 MB used.
       Both:     34.32 MB used.

Virtual space:
  Non-class space:       32.00 MB reserved,      30.50 MB ( 95%) committed,  4 nodes.
      Class space:        1.00 GB reserved,       4.06 MB ( <1%) committed,  1 nodes.
             Both:        1.03 GB reserved,      34.56 MB (  3%) committed. 

Chunk freelists:
   Non-Class:  1.51 MB
       Class:  3.97 MB
        Both:  5.49 MB

MaxMetaspaceSize: unlimited
CompressedClassSpaceSize: 1.00 GB
Initial GC threshold: 21.00 MB
Current GC threshold: 35.13 MB
CDS: off
MetaspaceReclaimPolicy: balanced
 - commit_granule_bytes: 65536.
 - commit_granule_words: 8192.
 - virtual_space_node_default_size: 1048576.
 - enlarge_chunks_in_place: 1.
 - new_chunks_are_fully_committed: 0.
 - uncommit_free_chunks: 1.
 - use_allocation_guard: 0.
 - handle_deallocations: 1.


Internal statistics:

num_allocs_failed_limit: 3.
num_arena_births: 220.
num_arena_deaths: 0.
num_vsnodes_births: 5.
num_vsnodes_deaths: 0.
num_space_committed: 553.
num_space_uncommitted: 0.
num_chunks_returned_to_freelist: 3.
num_chunks_taken_from_freelist: 961.
num_chunk_merges: 3.
num_chunk_splits: 650.
num_chunks_enlarged: 508.
num_purges: 0.
num_inconsistent_stats: 0.

CodeHeap 'non-profiled nmethods': size=120000Kb used=1359Kb max_used=1359Kb free=118641Kb
 bounds [0x000000000d820000, 0x000000000da90000, 0x0000000014d50000]
CodeHeap 'profiled nmethods': size=120000Kb used=5194Kb max_used=5194Kb free=114805Kb
 bounds [0x00000000062f0000, 0x0000000006810000, 0x000000000d820000]
CodeHeap 'non-nmethods': size=5760Kb used=1299Kb max_used=1323Kb free=4460Kb
 bounds [0x0000000005d50000, 0x0000000005fc0000, 0x00000000062f0000]
 total_blobs=3260 nmethods=2645 adapters=527
 compilation: enabled
              stopped_count=0, restarted_count=0
 full_count=0

Compilation events (20 events):
Event: 9.295 Thread 0x000000001a2a89b0 2606       1       java.util.Collections$SingletonList::size (2 bytes)
Event: 9.296 Thread 0x000000001a2a89b0 nmethod 2606 0x000000000d96e410 code [0x000000000d96e5a0, 0x000000000d96e678]
Event: 9.297 Thread 0x000000001a2a89b0 2607       1       org.testng.shaded.com.google.gson.reflect.TypeToken::getType (5 bytes)
Event: 9.297 Thread 0x000000001a2a89b0 nmethod 2607 0x000000000d96e710 code [0x000000000d96e8a0, 0x000000000d96e978]
Event: 9.297 Thread 0x000000001a2a89b0 2608       3       java.nio.Buffer::remaining (20 bytes)
Event: 9.298 Thread 0x000000001a2a89b0 nmethod 2608 0x00000000067e6a90 code [0x00000000067e6c20, 0x00000000067e6db8]
Event: 9.304 Thread 0x000000001a2a89b0 2609       3       java.io.PrintWriter::ensureOpen (18 bytes)
Event: 9.305 Thread 0x000000001a2a89b0 nmethod 2609 0x00000000067e6e90 code [0x00000000067e7040, 0x00000000067e7248]
Event: 9.310 Thread 0x000000001a2a89b0 2610       3       java.util.regex.Matcher::replaceAll (59 bytes)
Event: 9.312 Thread 0x000000001a2a89b0 nmethod 2610 0x00000000067e7310 code [0x00000000067e7580, 0x00000000067e7eb8]
Event: 9.313 Thread 0x000000001a2a89b0 2611  s    3       java.lang.StringBuffer::append (13 bytes)
Event: 9.314 Thread 0x000000001a2a89b0 nmethod 2611 0x00000000067e8210 code [0x00000000067e83c0, 0x00000000067e85e8]
Event: 9.314 Thread 0x000000001a2a89b0 2612       3       jdk.internal.reflect.ReflectionFactory::copyField (11 bytes)
Event: 9.314 Thread 0x000000001a2a89b0 nmethod 2612 0x00000000067e8690 code [0x00000000067e8840, 0x00000000067e8a28]
Event: 9.314 Thread 0x000000001a2a89b0 2615       3       java.lang.reflect.AccessibleObject::setAccessible0 (7 bytes)
Event: 9.315 Thread 0x000000001a2a89b0 nmethod 2615 0x00000000067e8b90 code [0x00000000067e8d20, 0x00000000067e8e38]
Event: 9.315 Thread 0x000000001a2a89b0 2614       3       org.testng.shaded.com.google.gson.internal.Excluder::isAnonymousOrLocal (29 bytes)
Event: 9.316 Thread 0x000000001a2a89b0 nmethod 2614 0x00000000067e8f10 code [0x00000000067e9160, 0x00000000067e9968]
Event: 9.316 Thread 0x000000001a2a89b0 2613       3       java.lang.reflect.ReflectAccess::copyField (5 bytes)
Event: 9.317 Thread 0x000000001a2a89b0 nmethod 2613 0x00000000067e9c10 code [0x00000000067e9dc0, 0x00000000067e9f08]

GC Heap History (14 events):
Event: 1.135 GC heap before
{Heap before GC invocations=0 (full 0):
 garbage-first heap   total 59392K, used 12288K [0x00000000c6a00000, 0x0000000100000000)
  region size 1024K, 13 young (13312K), 0 survivors (0K)
 Metaspace       used 8963K, committed 9088K, reserved 1056768K
  class space    used 792K, committed 896K, reserved 1048576K
}
Event: 1.143 GC heap after
{Heap after GC invocations=1 (full 0):
 garbage-first heap   total 59392K, used 6903K [0x00000000c6a00000, 0x0000000100000000)
  region size 1024K, 2 young (2048K), 2 survivors (2048K)
 Metaspace       used 8963K, committed 9088K, reserved 1056768K
  class space    used 792K, committed 896K, reserved 1048576K
}
Event: 1.732 GC heap before
{Heap before GC invocations=1 (full 0):
 garbage-first heap   total 59392K, used 14071K [0x00000000c6a00000, 0x0000000100000000)
  region size 1024K, 10 young (10240K), 2 survivors (2048K)
 Metaspace       used 13461K, committed 13632K, reserved 1064960K
  class space    used 1312K, committed 1408K, reserved 1048576K
}
Event: 1.740 GC heap after
{Heap after GC invocations=2 (full 0):
 garbage-first heap   total 59392K, used 8037K [0x00000000c6a00000, 0x0000000100000000)
  region size 1024K, 1 young (1024K), 1 survivors (1024K)
 Metaspace       used 13461K, committed 13632K, reserved 1064960K
  class space    used 1312K, committed 1408K, reserved 1048576K
}
Event: 2.479 GC heap before
{Heap before GC invocations=2 (full 0):
 garbage-first heap   total 59392K, used 23397K [0x00000000c6a00000, 0x0000000100000000)
  region size 1024K, 17 young (17408K), 1 survivors (1024K)
 Metaspace       used 17704K, committed 17920K, reserved 1064960K
  class space    used 1780K, committed 1856K, reserved 1048576K
}
Event: 2.486 GC heap after
{Heap after GC invocations=3 (full 0):
 garbage-first heap   total 59392K, used 9521K [0x00000000c6a00000, 0x0000000100000000)
  region size 1024K, 3 young (3072K), 3 survivors (3072K)
 Metaspace       used 17704K, committed 17920K, reserved 1064960K
  class space    used 1780K, committed 1856K, reserved 1048576K
}
Event: 3.020 GC heap before
{Heap before GC invocations=3 (full 0):
 garbage-first heap   total 59392K, used 21809K [0x00000000c6a00000, 0x0000000100000000)
  region size 1024K, 17 young (17408K), 3 survivors (3072K)
 Metaspace       used 21356K, committed 21504K, reserved 1073152K
  class space    used 2206K, committed 2304K, reserved 1048576K
}
Event: 3.029 GC heap after
{Heap after GC invocations=4 (full 0):
 garbage-first heap   total 59392K, used 11527K [0x00000000c6a00000, 0x0000000100000000)
  region size 1024K, 4 young (4096K), 4 survivors (4096K)
 Metaspace       used 21356K, committed 21504K, reserved 1073152K
  class space    used 2206K, committed 2304K, reserved 1048576K
}
Event: 3.697 GC heap before
{Heap before GC invocations=5 (full 0):
 garbage-first heap   total 45056K, used 33031K [0x00000000c6a00000, 0x0000000100000000)
  region size 1024K, 26 young (26624K), 4 survivors (4096K)
 Metaspace       used 24380K, committed 24512K, reserved 1073152K
  class space    used 2572K, committed 2624K, reserved 1048576K
}
Event: 3.709 GC heap after
{Heap after GC invocations=6 (full 0):
 garbage-first heap   total 45056K, used 13770K [0x00000000c6a00000, 0x0000000100000000)
  region size 1024K, 4 young (4096K), 4 survivors (4096K)
 Metaspace       used 24380K, committed 24512K, reserved 1073152K
  class space    used 2572K, committed 2624K, reserved 1048576K
}
Event: 4.166 GC heap before
{Heap before GC invocations=6 (full 0):
 garbage-first heap   total 45056K, used 28106K [0x00000000c6a00000, 0x0000000100000000)
  region size 1024K, 19 young (19456K), 4 survivors (4096K)
 Metaspace       used 29354K, committed 29504K, reserved 1081344K
  class space    used 3207K, committed 3264K, reserved 1048576K
}
Event: 4.174 GC heap after
{Heap after GC invocations=7 (full 0):
 garbage-first heap   total 45056K, used 15439K [0x00000000c6a00000, 0x0000000100000000)
  region size 1024K, 2 young (2048K), 2 survivors (2048K)
 Metaspace       used 29354K, committed 29504K, reserved 1081344K
  class space    used 3207K, committed 3264K, reserved 1048576K
}
Event: 7.839 GC heap before
{Heap before GC invocations=7 (full 0):
 garbage-first heap   total 45056K, used 35919K [0x00000000c6a00000, 0x0000000100000000)
  region size 1024K, 17 young (17408K), 2 survivors (2048K)
 Metaspace       used 33455K, committed 33664K, reserved 1081344K
  class space    used 3794K, committed 3904K, reserved 1048576K
}
Event: 7.849 GC heap after
{Heap after GC invocations=8 (full 0):
 garbage-first heap   total 45056K, used 21229K [0x00000000c6a00000, 0x0000000100000000)
  region size 1024K, 3 young (3072K), 3 survivors (3072K)
 Metaspace       used 33455K, committed 33664K, reserved 1081344K
  class space    used 3794K, committed 3904K, reserved 1048576K
}

Deoptimization events (20 events):
Event: 8.026 Thread 0x0000000000358d10 Uncommon trap: trap_request=0xffffff45 fr.pc=0x000000000d8ffa8c relative=0x000000000000008c
Event: 8.026 Thread 0x0000000000358d10 Uncommon trap: reason=unstable_if action=reinterpret pc=0x000000000d8ffa8c method=java.lang.Math.floorMod(JJ)J @ 10 c2
Event: 8.026 Thread 0x0000000000358d10 DEOPT PACKING pc=0x000000000d8ffa8c sp=0x000000000225cdb0
Event: 8.026 Thread 0x0000000000358d10 DEOPT UNPACKING pc=0x0000000005da23a3 sp=0x000000000225cd40 mode 2
Event: 8.026 Thread 0x0000000000358d10 Uncommon trap: trap_request=0xffffff45 fr.pc=0x000000000d8eea04 relative=0x0000000000000fe4
Event: 8.026 Thread 0x0000000000358d10 Uncommon trap: reason=unstable_if action=reinterpret pc=0x000000000d8eea04 method=java.util.concurrent.ConcurrentHashMap.putVal(Ljava/lang/Object;Ljava/lang/Object;Z)Ljava/lang/Object; @ 256 c2
Event: 8.026 Thread 0x0000000000358d10 DEOPT PACKING pc=0x000000000d8eea04 sp=0x000000000225d0f0
Event: 8.026 Thread 0x0000000000358d10 DEOPT UNPACKING pc=0x0000000005da23a3 sp=0x000000000225d078 mode 2
Event: 9.196 Thread 0x0000000000358d10 Uncommon trap: trap_request=0xffffff45 fr.pc=0x000000000d86c0d8 relative=0x0000000000000238
Event: 9.196 Thread 0x0000000000358d10 Uncommon trap: reason=unstable_if action=reinterpret pc=0x000000000d86c0d8 method=java.util.concurrent.ConcurrentHashMap.get(Ljava/lang/Object;)Ljava/lang/Object; @ 76 c2
Event: 9.196 Thread 0x0000000000358d10 DEOPT PACKING pc=0x000000000d86c0d8 sp=0x000000000225e330
Event: 9.196 Thread 0x0000000000358d10 DEOPT UNPACKING pc=0x0000000005da23a3 sp=0x000000000225e2a8 mode 2
Event: 9.293 Thread 0x0000000000358d10 Uncommon trap: trap_request=0xffffff45 fr.pc=0x000000000d9022ac relative=0x000000000000020c
Event: 9.293 Thread 0x0000000000358d10 Uncommon trap: reason=unstable_if action=reinterpret pc=0x000000000d9022ac method=java.util.HashMap.hash(Ljava/lang/Object;)I @ 1 c2
Event: 9.293 Thread 0x0000000000358d10 DEOPT PACKING pc=0x000000000d9022ac sp=0x000000000225e030
Event: 9.293 Thread 0x0000000000358d10 DEOPT UNPACKING pc=0x0000000005da23a3 sp=0x000000000225dec0 mode 2
Event: 9.300 Thread 0x0000000000358d10 Uncommon trap: trap_request=0xffffff45 fr.pc=0x000000000d8a9c38 relative=0x0000000000000218
Event: 9.300 Thread 0x0000000000358d10 Uncommon trap: reason=unstable_if action=reinterpret pc=0x000000000d8a9c38 method=java.util.HashMap.hash(Ljava/lang/Object;)I @ 1 c2
Event: 9.300 Thread 0x0000000000358d10 DEOPT PACKING pc=0x000000000d8a9c38 sp=0x000000000225e100
Event: 9.300 Thread 0x0000000000358d10 DEOPT UNPACKING pc=0x0000000005da23a3 sp=0x000000000225e008 mode 2

Classes unloaded (0 events):
No events

Classes redefined (0 events):
No events

Internal exceptions (20 events):
Event: 4.158 Thread 0x0000000000358d10 Exception <a 'java/lang/NoSuchMethodError'{0x00000000c87cf968}: 'int java.lang.invoke.DirectMethodHandle$Holder.invokeSpecialIFC(java.lang.Object, java.lang.Object, java.lang.Object, java.lang.Object)'> (0x00000000c87cf968) 
thrown [e:\jenkins\tmp\workspace\build\src\src\hotspot\share\interpreter\linkResolver.cpp, line 766]
Event: 4.201 Thread 0x000000001a2ce9d0 Exception <a 'java/lang/NoSuchMethodError'{0x00000000ca3a8178}: 'void java.lang.invoke.DirectMethodHandle$Holder.invokeStatic(java.lang.Object, long)'> (0x00000000ca3a8178) 
thrown [e:\jenkins\tmp\workspace\build\src\src\hotspot\share\interpreter\linkResolver.cpp, line 766]
Event: 4.202 Thread 0x000000001a2ce9d0 Exception <a 'java/lang/NoSuchMethodError'{0x00000000ca3ad698}: 'java.lang.Object java.lang.invoke.DirectMethodHandle$Holder.newInvokeSpecial(java.lang.Object, long)'> (0x00000000ca3ad698) 
thrown [e:\jenkins\tmp\workspace\build\src\src\hotspot\share\interpreter\linkResolver.cpp, line 766]
Event: 4.207 Thread 0x000000001a2ce9d0 Exception <a 'java/lang/NoSuchMethodError'{0x00000000ca3b7bf8}: 'java.lang.Object java.lang.invoke.DirectMethodHandle$Holder.invokeStaticInit(java.lang.Object, java.lang.Object, long, java.lang.Object)'> (0x00000000ca3b7bf8) 
thrown [e:\jenkins\tmp\workspace\build\src\src\hotspot\share\interpreter\linkResolver.cpp, line 766]
Event: 4.209 Thread 0x000000001a2ce9d0 Exception <a 'java/lang/NoSuchMethodError'{0x00000000ca3bdc40}: 'java.lang.Object java.lang.invoke.DirectMethodHandle$Holder.newInvokeSpecial(java.lang.Object, java.lang.Object, long)'> (0x00000000ca3bdc40) 
thrown [e:\jenkins\tmp\workspace\build\src\src\hotspot\share\interpreter\linkResolver.cpp, line 766]
Event: 4.211 Thread 0x000000001a2ce9d0 Exception <a 'java/lang/NoSuchMethodError'{0x00000000ca3c17b0}: 'java.lang.Object java.lang.invoke.Invokers$Holder.linkToTargetMethod(java.lang.Object, long, java.lang.Object)'> (0x00000000ca3c17b0) 
thrown [e:\jenkins\tmp\workspace\build\src\src\hotspot\share\interpreter\linkResolver.cpp, line 766]
Event: 4.790 Thread 0x000000001a2d01e0 Exception <a 'java/net/SocketException'{0x00000000c950d048}: Socket is not connected: shutdown> (0x00000000c950d048) 
thrown [e:\jenkins\tmp\workspace\build\src\src\hotspot\share\prims\jni.cpp, line 535]
Event: 4.818 Thread 0x0000000000358d10 Exception <a 'java/lang/NoSuchMethodError'{0x00000000c9581480}: 'double java.lang.invoke.DirectMethodHandle$Holder.invokeVirtual(java.lang.Object, java.lang.Object)'> (0x00000000c9581480) 
thrown [e:\jenkins\tmp\workspace\build\src\src\hotspot\share\interpreter\linkResolver.cpp, line 766]
Event: 4.819 Thread 0x0000000000358d10 Exception <a 'java/lang/NoSuchMethodError'{0x00000000c9587c28}: 'float java.lang.invoke.DirectMethodHandle$Holder.invokeVirtual(java.lang.Object, java.lang.Object)'> (0x00000000c9587c28) 
thrown [e:\jenkins\tmp\workspace\build\src\src\hotspot\share\interpreter\linkResolver.cpp, line 766]
Event: 4.820 Thread 0x0000000000358d10 Exception <a 'java/lang/NoSuchMethodError'{0x00000000c9590c08}: 'long java.lang.invoke.DirectMethodHandle$Holder.invokeVirtual(java.lang.Object, java.lang.Object)'> (0x00000000c9590c08) 
thrown [e:\jenkins\tmp\workspace\build\src\src\hotspot\share\interpreter\linkResolver.cpp, line 766]
Event: 4.853 Thread 0x0000000000358d10 Exception <a 'java/lang/NoSuchMethodError'{0x00000000c94e3e48}: 'void java.lang.invoke.DirectMethodHandle$Holder.invokeStatic(java.lang.Object, java.lang.Object, int)'> (0x00000000c94e3e48) 
thrown [e:\jenkins\tmp\workspace\build\src\src\hotspot\share\interpreter\linkResolver.cpp, line 766]
Event: 4.868 Thread 0x0000000000358d10 Exception <a 'java/lang/NoSuchMethodError'{0x00000000c93a4208}: 'java.lang.Object java.lang.invoke.DirectMethodHandle$Holder.newInvokeSpecial(java.lang.Object, java.lang.Object, java.lang.Object, java.lang.Object, java.lang.Object)'> (0x00000000c93a4208) 
thrown [e:\jenkins\tmp\workspace\build\src\src\hotspot\share\interpreter\linkResolver.cpp, line 766]
Event: 4.896 Thread 0x0000000000358d10 Exception <a 'java/lang/NoSuchMethodError'{0x00000000c9029c28}: 'int java.lang.invoke.DirectMethodHandle$Holder.invokeSpecialIFC(java.lang.Object, java.lang.Object, java.lang.Object)'> (0x00000000c9029c28) 
thrown [e:\jenkins\tmp\workspace\build\src\src\hotspot\share\interpreter\linkResolver.cpp, line 766]
Event: 5.250 Thread 0x0000000000358d10 Exception <a 'java/lang/NoSuchMethodError'{0x00000000c8c0f3e0}: 'void java.lang.invoke.DirectMethodHandle$Holder.invokeSpecial(java.lang.Object, java.lang.Object, java.lang.Object, java.lang.Object, java.lang.Object, java.lang.Object)'> (0x00000000c8c0f3e0) 
thrown [e:\jenkins\tmp\workspace\build\src\src\hotspot\share\interpreter\linkResolver.cpp, line 766]
Event: 7.981 Thread 0x0000000000358d10 Exception <a 'java/lang/NoSuchMethodError'{0x00000000c9461b40}: 'java.lang.Object java.lang.invoke.DirectMethodHandle$Holder.invokeSpecialIFC(java.lang.Object, java.lang.Object, java.lang.Object)'> (0x00000000c9461b40) 
thrown [e:\jenkins\tmp\workspace\build\src\src\hotspot\share\interpreter\linkResolver.cpp, line 766]
Event: 7.991 Thread 0x0000000000358d10 Exception <a 'java/lang/NoSuchMethodError'{0x00000000c948e148}: 'void java.lang.invoke.DirectMethodHandle$Holder.invokeSpecial(java.lang.Object, java.lang.Object, java.lang.Object)'> (0x00000000c948e148) 
thrown [e:\jenkins\tmp\workspace\build\src\src\hotspot\share\interpreter\linkResolver.cpp, line 766]
Event: 8.042 Thread 0x0000000000358d10 Exception <a 'java/lang/ClassNotFoundException'{0x00000000c935c7f0}: sun/util/logging/resources/spi/loggingProvider> (0x00000000c935c7f0) 
thrown [e:\jenkins\tmp\workspace\build\src\src\hotspot\share\classfile\systemDictionary.cpp, line 256]
Event: 9.177 Thread 0x0000000000358d10 Exception <a 'java/lang/reflect/InvocationTargetException'{0x00000000c91cd820}> (0x00000000c91cd820) 
thrown [e:\jenkins\tmp\workspace\build\src\src\hotspot\share\runtime\reflection.cpp, line 1121]
Event: 9.293 Thread 0x0000000000358d10 Implicit null exception at 0x000000000d9020da to 0x000000000d902290
Event: 9.300 Thread 0x0000000000358d10 Implicit null exception at 0x000000000d8a9a61 to 0x000000000d8a9c20

VM Operations (20 events):
Event: 3.447 Executing VM operation: ICBufferFull done
Event: 3.672 Executing VM operation: HandshakeAllThreads
Event: 3.672 Executing VM operation: HandshakeAllThreads done
Event: 3.697 Executing VM operation: G1CollectForAllocation
Event: 3.709 Executing VM operation: G1CollectForAllocation done
Event: 4.166 Executing VM operation: G1CollectForAllocation
Event: 4.174 Executing VM operation: G1CollectForAllocation done
Event: 4.805 Executing VM operation: HandshakeAllThreads
Event: 4.805 Executing VM operation: HandshakeAllThreads done
Event: 4.805 Executing VM operation: HandshakeAllThreads
Event: 4.805 Executing VM operation: HandshakeAllThreads done
Event: 4.807 Executing VM operation: HandshakeAllThreads
Event: 4.807 Executing VM operation: HandshakeAllThreads done
Event: 4.913 Executing VM operation: HandshakeAllThreads
Event: 4.913 Executing VM operation: HandshakeAllThreads done
Event: 5.912 Executing VM operation: Cleanup
Event: 5.914 Executing VM operation: Cleanup done
Event: 7.839 Executing VM operation: G1CollectForAllocation
Event: 7.850 Executing VM operation: G1CollectForAllocation done
Event: 9.850 Executing VM operation: Cleanup

Events (20 events):
Event: 8.045 loading class java/time/ZonedDateTime$1 done
Event: 8.045 loading class java/time/LocalDate$1
Event: 8.045 loading class java/time/LocalDate$1 done
Event: 8.045 loading class java/time/LocalTime$1
Event: 8.045 loading class java/time/LocalTime$1 done
Event: 8.113 Thread 0x000000001a2d1050 Thread added: 0x000000001a2d1050
Event: 9.117 loading class java/util/concurrent/ConcurrentLinkedDeque$Itr
Event: 9.117 loading class java/util/concurrent/ConcurrentLinkedDeque$AbstractItr
Event: 9.118 loading class java/util/concurrent/ConcurrentLinkedDeque$AbstractItr done
Event: 9.118 loading class java/util/concurrent/ConcurrentLinkedDeque$Itr done
Event: 9.177 loading class java/util/concurrent/CompletionException
Event: 9.177 loading class java/util/concurrent/CompletionException done
Event: 9.181 loading class java/lang/Throwable$WrappedPrintWriter
Event: 9.181 loading class java/lang/Throwable$PrintStreamOrWriter
Event: 9.181 loading class java/lang/Throwable$PrintStreamOrWriter done
Event: 9.181 loading class java/lang/Throwable$WrappedPrintWriter done
Event: 9.186 loading class java/util/regex/Pattern$BnM
Event: 9.186 loading class java/util/regex/Pattern$BnM done
Event: 9.202 loading class jdk/internal/reflect/UnsafeLongFieldAccessorImpl
Event: 9.202 loading class jdk/internal/reflect/UnsafeLongFieldAccessorImpl done


Dynamic libraries:
0x000000013fe90000 - 0x000000013fe9e000 	D:\eclipse\plugins\org.eclipse.justj.openjdk.hotspot.jre.full.win32.x86_64_17.0.2.v20220201-1208\jre\bin\javaw.exe
0x0000000077320000 - 0x00000000774bf000 	C:\Windows\SYSTEM32\ntdll.dll
0x0000000077100000 - 0x000000007721f000 	C:\Windows\system32\kernel32.dll
0x000007fefd300000 - 0x000007fefd367000 	C:\Windows\system32\KERNELBASE.dll
0x000007fef4910000 - 0x000007fef4928000 	D:\eclipse\plugins\org.eclipse.justj.openjdk.hotspot.jre.full.win32.x86_64_17.0.2.v20220201-1208\jre\bin\jli.dll
0x000007fefb8e0000 - 0x000007fefbad5000 	C:\Windows\WinSxS\amd64_microsoft.windows.common-controls_6595b64144ccf1df_6.0.7601.24483_none_e372d88f30fbb845\COMCTL32.dll
0x000007feff570000 - 0x000007feff60f000 	C:\Windows\system32\msvcrt.dll
0x000007fefddf0000 - 0x000007fefde57000 	C:\Windows\system32\GDI32.dll
0x0000000077220000 - 0x000000007731b000 	C:\Windows\system32\USER32.dll
0x000007fefeea0000 - 0x000007fefeeae000 	C:\Windows\system32\LPK.dll
0x000007feff1f0000 - 0x000007feff2bb000 	C:\Windows\system32\USP10.dll
0x000007feff2c0000 - 0x000007feff331000 	C:\Windows\system32\SHLWAPI.dll
0x000007fefad80000 - 0x000007fefad99000 	D:\eclipse\plugins\org.eclipse.justj.openjdk.hotspot.jre.full.win32.x86_64_17.0.2.v20220201-1208\jre\bin\VCRUNTIME140.dll
0x000007fef4940000 - 0x000007fef4944000 	D:\eclipse\plugins\org.eclipse.justj.openjdk.hotspot.jre.full.win32.x86_64_17.0.2.v20220201-1208\jre\bin\api-ms-win-crt-runtime-l1-1-0.dll
0x000007fef29a0000 - 0x000007fef2a9a000 	D:\eclipse\plugins\org.eclipse.justj.openjdk.hotspot.jre.full.win32.x86_64_17.0.2.v20220201-1208\jre\bin\ucrtbase.DLL
0x000007fef4d00000 - 0x000007fef4d03000 	D:\eclipse\plugins\org.eclipse.justj.openjdk.hotspot.jre.full.win32.x86_64_17.0.2.v20220201-1208\jre\bin\api-ms-win-core-localization-l1-2-0.dll
0x000007fef4930000 - 0x000007fef4933000 	D:\eclipse\plugins\org.eclipse.justj.openjdk.hotspot.jre.full.win32.x86_64_17.0.2.v20220201-1208\jre\bin\api-ms-win-core-processthreads-l1-1-1.dll
0x000007fef48c0000 - 0x000007fef48c3000 	D:\eclipse\plugins\org.eclipse.justj.openjdk.hotspot.jre.full.win32.x86_64_17.0.2.v20220201-1208\jre\bin\api-ms-win-core-file-l1-2-0.dll
0x000007fef4900000 - 0x000007fef4903000 	D:\eclipse\plugins\org.eclipse.justj.openjdk.hotspot.jre.full.win32.x86_64_17.0.2.v20220201-1208\jre\bin\api-ms-win-core-timezone-l1-1-0.dll
0x000007fef4850000 - 0x000007fef4853000 	D:\eclipse\plugins\org.eclipse.justj.openjdk.hotspot.jre.full.win32.x86_64_17.0.2.v20220201-1208\jre\bin\api-ms-win-core-file-l2-1-0.dll
0x000007fef4860000 - 0x000007fef4863000 	D:\eclipse\plugins\org.eclipse.justj.openjdk.hotspot.jre.full.win32.x86_64_17.0.2.v20220201-1208\jre\bin\api-ms-win-core-synch-l1-2-0.dll
0x000007fef4830000 - 0x000007fef4833000 	D:\eclipse\plugins\org.eclipse.justj.openjdk.hotspot.jre.full.win32.x86_64_17.0.2.v20220201-1208\jre\bin\api-ms-win-crt-heap-l1-1-0.dll
0x000007fef4840000 - 0x000007fef4844000 	D:\eclipse\plugins\org.eclipse.justj.openjdk.hotspot.jre.full.win32.x86_64_17.0.2.v20220201-1208\jre\bin\api-ms-win-crt-string-l1-1-0.dll
0x000007fef4810000 - 0x000007fef4814000 	D:\eclipse\plugins\org.eclipse.justj.openjdk.hotspot.jre.full.win32.x86_64_17.0.2.v20220201-1208\jre\bin\api-ms-win-crt-stdio-l1-1-0.dll
0x000007fef4820000 - 0x000007fef4824000 	D:\eclipse\plugins\org.eclipse.justj.openjdk.hotspot.jre.full.win32.x86_64_17.0.2.v20220201-1208\jre\bin\api-ms-win-crt-convert-l1-1-0.dll
0x000007fef4590000 - 0x000007fef4593000 	D:\eclipse\plugins\org.eclipse.justj.openjdk.hotspot.jre.full.win32.x86_64_17.0.2.v20220201-1208\jre\bin\api-ms-win-crt-environment-l1-1-0.dll
0x000007fef45a0000 - 0x000007fef45a3000 	D:\eclipse\plugins\org.eclipse.justj.openjdk.hotspot.jre.full.win32.x86_64_17.0.2.v20220201-1208\jre\bin\api-ms-win-crt-filesystem-l1-1-0.dll
0x000007fef4570000 - 0x000007fef4575000 	D:\eclipse\plugins\org.eclipse.justj.openjdk.hotspot.jre.full.win32.x86_64_17.0.2.v20220201-1208\jre\bin\api-ms-win-crt-math-l1-1-0.dll
0x000007fef4580000 - 0x000007fef4583000 	D:\eclipse\plugins\org.eclipse.justj.openjdk.hotspot.jre.full.win32.x86_64_17.0.2.v20220201-1208\jre\bin\api-ms-win-crt-locale-l1-1-0.dll
0x000007fefdd00000 - 0x000007fefdd2e000 	C:\Windows\system32\IMM32.DLL
0x000007fefef50000 - 0x000007feff05b000 	C:\Windows\system32\MSCTF.dll
0x000007fefa320000 - 0x000007fefa32c000 	D:\eclipse\plugins\org.eclipse.justj.openjdk.hotspot.jre.full.win32.x86_64_17.0.2.v20220201-1208\jre\bin\vcruntime140_1.dll
0x000007fef3ce0000 - 0x000007fef3d71000 	D:\eclipse\plugins\org.eclipse.justj.openjdk.hotspot.jre.full.win32.x86_64_17.0.2.v20220201-1208\jre\bin\msvcp140.dll
0x000007fef4560000 - 0x000007fef4563000 	D:\eclipse\plugins\org.eclipse.justj.openjdk.hotspot.jre.full.win32.x86_64_17.0.2.v20220201-1208\jre\bin\api-ms-win-crt-time-l1-1-0.dll
0x000007fef4550000 - 0x000007fef4553000 	D:\eclipse\plugins\org.eclipse.justj.openjdk.hotspot.jre.full.win32.x86_64_17.0.2.v20220201-1208\jre\bin\api-ms-win-crt-utility-l1-1-0.dll
0x000007fedcbb0000 - 0x000007fedd7f7000 	D:\eclipse\plugins\org.eclipse.justj.openjdk.hotspot.jre.full.win32.x86_64_17.0.2.v20220201-1208\jre\bin\server\jvm.dll
0x000007fefdc20000 - 0x000007fefdcfb000 	C:\Windows\system32\ADVAPI32.dll
0x000007fefdd30000 - 0x000007fefdd4f000 	C:\Windows\SYSTEM32\sechost.dll
0x000007feff060000 - 0x000007feff18c000 	C:\Windows\system32\RPCRT4.dll
0x000007fef6cd0000 - 0x000007fef6cd9000 	C:\Windows\system32\WSOCK32.dll
0x000007fefde60000 - 0x000007fefdead000 	C:\Windows\system32\WS2_32.dll
0x000007fefd830000 - 0x000007fefd838000 	C:\Windows\system32\NSI.dll
0x000007fef9b60000 - 0x000007fef9b9b000 	C:\Windows\system32\WINMM.dll
0x000007fefc360000 - 0x000007fefc36c000 	C:\Windows\system32\VERSION.dll
0x00000000774d0000 - 0x00000000774d7000 	C:\Windows\system32\PSAPI.DLL
0x000007fef4fc0000 - 0x000007fef4fca000 	D:\eclipse\plugins\org.eclipse.justj.openjdk.hotspot.jre.full.win32.x86_64_17.0.2.v20220201-1208\jre\bin\jimage.dll
0x000007fef6a20000 - 0x000007fef6b45000 	C:\Windows\system32\DBGHELP.DLL
0x000007fef4f50000 - 0x000007fef4f75000 	D:\eclipse\plugins\org.eclipse.justj.openjdk.hotspot.jre.full.win32.x86_64_17.0.2.v20220201-1208\jre\bin\java.dll
0x000007fef4f90000 - 0x000007fef4fa8000 	D:\eclipse\plugins\org.eclipse.justj.openjdk.hotspot.jre.full.win32.x86_64_17.0.2.v20220201-1208\jre\bin\zip.dll
0x000007fefe110000 - 0x000007fefee9b000 	C:\Windows\system32\SHELL32.dll
0x000007fefda20000 - 0x000007fefdc1f000 	C:\Windows\system32\ole32.dll
0x000007fefd210000 - 0x000007fefd21f000 	C:\Windows\system32\profapi.dll
0x000007fef4f00000 - 0x000007fef4f19000 	D:\eclipse\plugins\org.eclipse.justj.openjdk.hotspot.jre.full.win32.x86_64_17.0.2.v20220201-1208\jre\bin\net.dll
0x000007fef9a30000 - 0x000007fef9aa1000 	C:\Windows\system32\WINHTTP.dll
0x000007fef99c0000 - 0x000007fef9a25000 	C:\Windows\system32\webio.dll
0x000007fefca20000 - 0x000007fefca75000 	C:\Windows\system32\mswsock.dll
0x000007fefca10000 - 0x000007fefca17000 	C:\Windows\System32\wship6.dll
0x000007fef4f20000 - 0x000007fef4f35000 	D:\eclipse\plugins\org.eclipse.justj.openjdk.hotspot.jre.full.win32.x86_64_17.0.2.v20220201-1208\jre\bin\nio.dll
0x000007fefc430000 - 0x000007fefc437000 	C:\Windows\System32\wshtcpip.dll
0x000007fefc8a0000 - 0x000007fefc8fb000 	C:\Windows\system32\DNSAPI.dll
0x000007fefae40000 - 0x000007fefae67000 	C:\Windows\system32\IPHLPAPI.DLL
0x000007fefae30000 - 0x000007fefae3b000 	C:\Windows\system32\WINNSI.DLL
0x000007fef9d70000 - 0x000007fef9d78000 	C:\Windows\system32\rasadhlp.dll
0x000007fefab00000 - 0x000007fefab53000 	C:\Windows\System32\fwpuclnt.dll
0x000007fefca80000 - 0x000007fefca98000 	C:\Windows\system32\CRYPTSP.dll
0x000007fefc760000 - 0x000007fefc7a7000 	C:\Windows\system32\rsaenh.dll
0x000007fefc850000 - 0x000007fefc86f000 	C:\Windows\system32\USERENV.dll
0x000007fefd140000 - 0x000007fefd14f000 	C:\Windows\system32\CRYPTBASE.dll
0x000007fefaad0000 - 0x000007fefaae8000 	C:\Windows\system32\dhcpcsvc.DLL
0x000007fefaab0000 - 0x000007fefaac1000 	C:\Windows\system32\dhcpcsvc6.DLL
0x000007fef4f80000 - 0x000007fef4f90000 	D:\eclipse\plugins\org.eclipse.justj.openjdk.hotspot.jre.full.win32.x86_64_17.0.2.v20220201-1208\jre\bin\verify.dll
0x000007fef4ed0000 - 0x000007fef4ede000 	D:\eclipse\plugins\org.eclipse.justj.openjdk.hotspot.jre.full.win32.x86_64_17.0.2.v20220201-1208\jre\bin\sunmscapi.dll
0x000007fefd470000 - 0x000007fefd5dd000 	C:\Windows\system32\CRYPT32.dll
0x000007fefd2b0000 - 0x000007fefd2bf000 	C:\Windows\system32\MSASN1.dll
0x000007fefcc50000 - 0x000007fefcca0000 	C:\Windows\system32\ncrypt.dll
0x000007fefcc20000 - 0x000007fefcc42000 	C:\Windows\system32\bcrypt.dll
0x000007fef4d70000 - 0x000007fef4d79000 	D:\eclipse\plugins\org.eclipse.justj.openjdk.hotspot.jre.full.win32.x86_64_17.0.2.v20220201-1208\jre\bin\management.dll
0x000007fef4de0000 - 0x000007fef4deb000 	D:\eclipse\plugins\org.eclipse.justj.openjdk.hotspot.jre.full.win32.x86_64_17.0.2.v20220201-1208\jre\bin\management_ext.dll
0x000007fefd0e0000 - 0x000007fefd137000 	C:\Windows\system32\apphelp.dll
0x000007fefafe0000 - 0x000007fefaff5000 	C:\Windows\system32\NLAapi.dll
0x000007fef6a00000 - 0x000007fef6a15000 	C:\Windows\system32\napinsp.dll
0x000007fef69e0000 - 0x000007fef69f9000 	C:\Windows\system32\pnrpnsp.dll
0x000007fef9eb0000 - 0x000007fef9ebb000 	C:\Windows\System32\winrnr.dll
0x000007fef6760000 - 0x000007fef6770000 	C:\Windows\system32\wshbth.dll

dbghelp: loaded successfully - version: 4.0.5 - missing functions: none
symbol engine: initialized successfully - sym options: 0x614 - pdb path: .;D:\eclipse\plugins\org.eclipse.justj.openjdk.hotspot.jre.full.win32.x86_64_17.0.2.v20220201-1208\jre\bin;C:\Windows\SYSTEM32;C:\Windows\WinSxS\amd64_microsoft.windows.common-controls_6595b64144ccf1df_6.0.7601.24483_none_e372d88f30fbb845;D:\eclipse\plugins\org.eclipse.justj.openjdk.hotspot.jre.full.win32.x86_64_17.0.2.v20220201-1208\jre\bin\server

VM Arguments:
jvm_args: -ea -Dfile.encoding=Cp1252 -XX:+ShowCodeDetailsInExceptionMessages 
java_command: org.testng.remote.RemoteTestNG -serport 65297 -protocol json -d C:\Users\lenovo\eclipse-workspace\ChowNow_Online_Food_Ordering_System_Selenium_Framework\test-output C:\Users\lenovo\eclipse-workspace\ChowNow_Online_Food_Ordering_System_Selenium_Framework\testngscreenShot.xml
java_class_path (initial): D:\eclipse\configuration\org.eclipse.osgi\433\0\.cp\lib\testng-remote.jar;C:\Users\lenovo\eclipse-workspace\ChowNow_Online_Food_Ordering_System_Selenium_Framework\target\test-classes;C:\Users\lenovo\eclipse-workspace\ChowNow_Online_Food_Ordering_System_Selenium_Framework\target\classes;D:\eclipse\plugins\org.testng_7.4.0.r202105021533.jar;D:\eclipse\plugins\com.beust.jcommander_1.78.0.jar;D:\eclipse\plugins\org.apache-extras.beanshell.bsh_2.0.0.b6.jar;D:\eclipse\plugins\org.yaml.snakeyaml_1.21.0.jar;D:\eclipse\plugins\org.webjars.jquery_3.5.1.jar;C:\Users\lenovo\.m2\repository\org\seleniumhq\selenium\selenium-java\4.4.0\selenium-java-4.4.0.jar;C:\Users\lenovo\.m2\repository\org\seleniumhq\selenium\selenium-api\4.4.0\selenium-api-4.4.0.jar;C:\Users\lenovo\.m2\repository\org\seleniumhq\selenium\selenium-chrome-driver\4.4.0\selenium-chrome-driver-4.4.0.jar;C:\Users\lenovo\.m2\repository\com\google\auto\service\auto-service-annotations\1.0.1\auto-service-annotations-1.0.1.jar;C:\Users\lenovo\.m2\repository\com\google\auto\service\auto-service\1.0.1\auto-service-1.0.1.jar;C:\Users\lenovo\.m2\repository\com\google\auto\auto-common\1.2\auto-common-1.2.jar;C:\Users\lenovo\.m2\repository\com\google\guava\guava\31.1-jre\guava-31.1-jre.jar;C:\Users\lenovo\.m2\repository\com\google\guava\failureaccess\1.0.1\failureaccess-1.0.1.jar;C:\Users\lenovo\.m2\repository\com\google\guava\listenablefuture\9999.0-empty-to-avoid-conflict-with-guava\listenablefuture-9999.0-empty-to-avoid-conflict-with-guava.jar;C:\Users\lenovo\.m2\repository\com\google\code\findbugs\jsr305\3.0.2\jsr305-3.0.2.jar;C:\Users\lenovo\.m2\repository\org\checkerframework\checker-qual\3.12.0\checker-qual-3.12.0.jar;C:\Users\lenovo\.m2\repository\com\google\errorprone\error_prone_annotations\2.11.0\error_prone_annotations-2.11.0.jar;C:\Users\lenovo\.m2\repository\com\google\j2objc\j2objc-annotations\1.3\j2objc-annotations-1.3.jar;C:\Users\lenovo\.m2\repository\org\seleniumhq\selenium\selen
Launcher Type: SUN_STANDARD

[Global flags]
     intx CICompilerCount                          = 3                                         {product} {ergonomic}
     uint ConcGCThreads                            = 1                                         {product} {ergonomic}
     uint G1ConcRefinementThreads                  = 4                                         {product} {ergonomic}
   size_t G1HeapRegionSize                         = 1048576                                   {product} {ergonomic}
    uintx GCDrainStackTargetSize                   = 64                                        {product} {ergonomic}
   size_t InitialHeapSize                          = 60817408                                  {product} {ergonomic}
   size_t MarkStackSize                            = 4194304                                   {product} {ergonomic}
   size_t MaxHeapSize                              = 962592768                                 {product} {ergonomic}
   size_t MaxNewSize                               = 576716800                                 {product} {ergonomic}
   size_t MinHeapDeltaBytes                        = 1048576                                   {product} {ergonomic}
   size_t MinHeapSize                              = 8388608                                   {product} {ergonomic}
    uintx NonNMethodCodeHeapSize                   = 5832780                                {pd product} {ergonomic}
    uintx NonProfiledCodeHeapSize                  = 122912730                              {pd product} {ergonomic}
    uintx ProfiledCodeHeapSize                     = 122912730                              {pd product} {ergonomic}
    uintx ReservedCodeCacheSize                    = 251658240                              {pd product} {ergonomic}
     bool SegmentedCodeCache                       = true                                      {product} {ergonomic}
     bool ShowCodeDetailsInExceptionMessages       = true                                   {manageable} {command line}
   size_t SoftMaxHeapSize                          = 962592768                              {manageable} {ergonomic}
     bool UseCompressedClassPointers               = true                           {product lp64_product} {ergonomic}
     bool UseCompressedOops                        = true                           {product lp64_product} {ergonomic}
     bool UseG1GC                                  = true                                      {product} {ergonomic}
     bool UseLargePagesIndividualAllocation        = false                                  {pd product} {ergonomic}

Logging:
Log output configuration:
 #0: stdout all=warning uptime,level,tags
 #1: stderr all=off uptime,level,tags

Environment Variables:
PATH=D:/eclipse//plugins/org.eclipse.justj.openjdk.hotspot.jre.full.win32.x86_64_17.0.2.v20220201-1208/jre/bin/server;D:/eclipse//plugins/org.eclipse.justj.openjdk.hotspot.jre.full.win32.x86_64_17.0.2.v20220201-1208/jre/bin;C:\oracle\product\10.2.0\db_1\bin;C:\Windows\system32;C:\Windows;C:\Windows\System32\Wbem;C:\Windows\System32\WindowsPowerShell\v1.0\;C:\Program Files\dotnet\;C:\Users\lenovo\.dotnet\tools;D:\eclipse;
USERNAME=lenovo
OS=Windows_NT
PROCESSOR_IDENTIFIER=Intel64 Family 6 Model 42 Stepping 7, GenuineIntel



---------------  S Y S T E M  ---------------

OS:
 Windows 7 , 64 bit Build 7601 (6.1.7601.24545)
OS uptime: 1 days 8:47 hours

CPU: total 4 (initial active 4) (2 cores per cpu, 2 threads per core) family 6 model 42 stepping 7 microcode 0x0, cx8, cmov, fxsr, ht, mmx, sse, sse2, sse3, ssse3, sse4.1, sse4.2, popcnt, tsc, tscinvbit, avx, aes, clmul, vzeroupper, clflush

Memory: 4k page, system-wide physical 3670M (1031M free)
TotalPageFile size 9429M (AvailPageFile size 1163M)
current process WorkingSet (physical memory assigned to process): 168M, peak: 171M
current process commit charge ("private bytes"): 196M, peak: 200M

vm_info: OpenJDK 64-Bit Server VM (17.0.2+8) for windows-amd64 JRE (17.0.2+8), built on Jan 20 2022 04:52:34 by "" with MS VC++ 16.7 (VS2019)

END.
